app/build/intermediates/manifest_merge_blame_file/debug/manifest-merger-blame-debug-report.txt
1<?xml version="1.0" encoding="utf-8"?>
2<!--
3    ~ Copyright 2022 The TensorFlow Authors. All Rights Reserved.
4    ~
5    ~ Licensed under the Apache License, Version 2.0 (the "License");
6    ~ you may not use this file except in compliance with the License.
7    ~ You may obtain a copy of the License at
8    ~
9    ~       http://www.apache.org/licenses/LICENSE-2.0
10    ~
11    ~ Unless required by applicable law or agreed to in writing, software
12    ~ distributed under the License is distributed on an "AS IS" BASIS,
13    ~ WITHOUT WARRANTIES OR CONDITIONS OF ANY KIND, either express or implied.
14    ~ See the License for the specific language governing permissions and
15    ~ limitations under the License.
16-->
17<manifest xmlns:android="http://schemas.android.com/apk/res/android"
18    xmlns:dist="http://schemas.android.com/apk/distribution"
19    package="org.tensorflow.lite.examples.objectdetection"
20    android:versionCode="1"
21    android:versionName="1.0.0" >
22
23    <uses-sdk
24        android:minSdkVersion="21"
24-->src\main\AndroidManifest.xml
25        android:targetSdkVersion="32" />
25-->src\main\AndroidManifest.xml
26
27    <!-- Enable instant app support -->
28    <dist:module dist:instant="true" />
28-->src\main\AndroidManifest.xml:24:5-40
28-->src\main\AndroidManifest.xml:24:18-37
29
30    <!-- Declare features -->
31    <uses-feature android:name="android.hardware.camera" />
31-->src\main\AndroidManifest.xml:27:5-60
31-->src\main\AndroidManifest.xml:27:19-57
32
33    <!-- Declare permissions -->
34    <uses-permission android:name="android.permission.CAMERA" />
34-->src\main\AndroidManifest.xml:30:5-65
34-->src\main\AndroidManifest.xml:30:22-62
35    <uses-permission android:name="android.permission.WRITE_EXTERNAL_STORAGE" />
36    <uses-permission android:name="android.permission.READ_PHONE_STATE" />
37    <uses-permission android:name="android.permission.READ_EXTERNAL_STORAGE" />
38
39    <application
39-->src\main\AndroidManifest.xml:32:5-60:19
40        android:allowBackup="true"
40-->src\main\AndroidManifest.xml:34:9-35
41        android:appComponentFactory="androidx.core.app.CoreComponentFactory"
41-->[androidx.core:core:1.6.0] AndroidManifest.xml:24:18-86
42        android:debuggable="true"
43        android:label="Idioma App"
43-->src\main\AndroidManifest.xml:33:9-35
44        android:taskAffinity=""
44-->src\main\AndroidManifest.xml:35:9-32
45        android:testOnly="true" >
46        <activity
46-->src\main\AndroidManifest.xml:38:9-58:20
47            android:name="org.tensorflow.lite.examples.objectdetection.MainActivity"
47-->src\main\AndroidManifest.xml:39:13-41
48            android:clearTaskOnLaunch="true"
48-->src\main\AndroidManifest.xml:40:13-45
49            android:configChanges="orientation|screenLayout|screenSize|smallestScreenSize"
49-->src\main\AndroidManifest.xml:46:13-91
50            android:exported="true"
50-->src\main\AndroidManifest.xml:42:13-36
51            android:resizeableActivity="true"
51-->src\main\AndroidManifest.xml:45:13-46
52            android:rotationAnimation="seamless"
52-->src\main\AndroidManifest.xml:44:13-49
53            android:theme="@style/AppTheme" >
53-->src\main\AndroidManifest.xml:41:13-44
54
55            <!-- Main app intent filter -->
56            <intent-filter>
56-->src\main\AndroidManifest.xml:50:13-53:29
57                <action android:name="android.intent.action.MAIN" />
57-->src\main\AndroidManifest.xml:51:17-69
57-->src\main\AndroidManifest.xml:51:25-66
58
59                <category android:name="android.intent.category.LAUNCHER" />
59-->src\main\AndroidManifest.xml:52:17-77
59-->src\main\AndroidManifest.xml:52:27-74
60            </intent-filter>
61
62            <!-- Declare notch support -->
63            <meta-data
63-->src\main\AndroidManifest.xml:56:13-83
64                android:name="android.notch_support"
64-->src\main\AndroidManifest.xml:56:24-60
65                android:value="true" />
65-->src\main\AndroidManifest.xml:56:61-81
66        </activity>
67
68        <uses-library
68-->[androidx.window:window:1.0.0-alpha09] AndroidManifest.xml:25:9-27:40
69            android:name="androidx.window.extensions"
69-->[androidx.window:window:1.0.0-alpha09] AndroidManifest.xml:26:13-54
70            android:required="false" />
70-->[androidx.window:window:1.0.0-alpha09] AndroidManifest.xml:27:13-37
71        <uses-library
71-->[androidx.window:window:1.0.0-alpha09] AndroidManifest.xml:28:9-30:40
72            android:name="androidx.window.sidecar"
72-->[androidx.window:window:1.0.0-alpha09] AndroidManifest.xml:29:13-51
73            android:required="false" />
73-->[androidx.window:window:1.0.0-alpha09] AndroidManifest.xml:30:13-37
74
75        <service
75-->[androidx.camera:camera-camera2:1.1.0-beta03] AndroidManifest.xml:26:9-35:19
76            android:name="androidx.camera.core.impl.MetadataHolderService"
76-->[androidx.camera:camera-camera2:1.1.0-beta03] AndroidManifest.xml:27:13-75
77            android:enabled="false"
77-->[androidx.camera:camera-camera2:1.1.0-beta03] AndroidManifest.xml:28:13-36
78            android:exported="false" >
78-->[androidx.camera:camera-camera2:1.1.0-beta03] AndroidManifest.xml:29:13-37
79            <meta-data
79-->[androidx.camera:camera-camera2:1.1.0-beta03] AndroidManifest.xml:32:13-34:89
80                android:name="androidx.camera.core.impl.MetadataHolderService.DEFAULT_CONFIG_PROVIDER"
80-->[androidx.camera:camera-camera2:1.1.0-beta03] AndroidManifest.xml:33:17-103
81                android:value="androidx.camera.camera2.Camera2Config$DefaultProvider" />
81-->[androidx.camera:camera-camera2:1.1.0-beta03] AndroidManifest.xml:34:17-86
82        </service>
83
84        <provider
84-->[androidx.lifecycle:lifecycle-process:2.4.0] AndroidManifest.xml:26:9-34:20
85            android:name="androidx.startup.InitializationProvider"
85-->[androidx.lifecycle:lifecycle-process:2.4.0] AndroidManifest.xml:27:13-67
86            android:authorities="org.tensorflow.lite.examples.objectdetection.androidx-startup"
86-->[androidx.lifecycle:lifecycle-process:2.4.0] AndroidManifest.xml:28:13-68
87            android:exported="false" >
87-->[androidx.lifecycle:lifecycle-process:2.4.0] AndroidManifest.xml:29:13-37
88            <meta-data
88-->[androidx.lifecycle:lifecycle-process:2.4.0] AndroidManifest.xml:31:13-33:52
89                android:name="androidx.lifecycle.ProcessLifecycleInitializer"
89-->[androidx.lifecycle:lifecycle-process:2.4.0] AndroidManifest.xml:32:17-78
90                android:value="androidx.startup" />
90-->[androidx.lifecycle:lifecycle-process:2.4.0] AndroidManifest.xml:33:17-49
91        </provider>
92    </application>
93
94</manifest>